2025-09-12 17:39:24,518 - INFO - ==================================================
2025-09-12 17:39:24,519 - INFO - '가시' 파일 처리 시작
2025-09-12 17:39:24,523 - INFO - 'c:\Users\jpsm0\OneDrive\바탕 화면\지스트 데이터 전처리\VTT-Subtitle-Preprocessor\typos.csv'에서 61개의 오타 규칙을 불러왔습니다.
2025-09-12 17:39:24,549 - INFO - 파일 파싱 및 클리닝 완료: 영어 986개, 한국어 982개 CUE
2025-09-12 17:39:24,549 - INFO - 시간대 겹침 기준 자막 그룹화 및 동기화 시작...
2025-09-12 17:39:25,048 - INFO - 총 759개의 동기화된 자막 그룹을 생성했습니다.
2025-09-12 17:39:25,071 - INFO - 최종 VTT 파일 생성 중...
2025-09-12 17:39:25,088 - INFO - ------------------------------
2025-09-12 17:39:25,089 - INFO - ✨ 처리 완료! ✨
2025-09-12 17:39:25,089 - INFO - 영어 최종 파일: 'c:\Users\jpsm0\OneDrive\바탕 화면\지스트 데이터 전처리\VTT-Subtitle-Preprocessor\Output_vtt\가시_en_FINAL.vtt'
2025-09-12 17:39:25,090 - INFO - 한국어 최종 파일: 'c:\Users\jpsm0\OneDrive\바탕 화면\지스트 데이터 전처리\VTT-Subtitle-Preprocessor\Output_vtt\가시_kr_FINAL.vtt'
2025-09-12 17:39:25,090 - INFO - 상세 처리 과정은 'vtt_processing.log' 파일을 확인하세요.
2025-09-12 17:39:25,090 - INFO - ==================================================
2025-09-12 18:40:20,647 - INFO - ==================================================
2025-09-12 18:40:20,647 - INFO - '검사외전' 파일 처리 시작
2025-09-12 18:40:20,649 - INFO - 'c:\Users\jpsm0\OneDrive\바탕 화면\지스트 데이터 전처리\VTT-Subtitle-Preprocessor\typos.csv'에서 61개의 오타 규칙을 불러왔습니다.
2025-09-12 18:40:20,759 - INFO - 파일 파싱 및 클리닝 완료: 영어 1760개, 한국어 1674개 CUE
2025-09-12 18:40:20,760 - INFO - 시간대 겹침 기준 자막 그룹화 및 동기화 시작...
2025-09-12 18:40:22,335 - INFO - 총 1287개의 동기화된 자막 그룹을 생성했습니다.
2025-09-12 18:40:22,335 - INFO - 최종 VTT 파일 생성 중...
2025-09-12 18:40:22,392 - INFO - ------------------------------
2025-09-12 18:40:22,393 - INFO - ✨ 처리 완료! ✨
2025-09-12 18:40:22,393 - INFO - 영어 최종 파일: 'c:\Users\jpsm0\OneDrive\바탕 화면\지스트 데이터 전처리\VTT-Subtitle-Preprocessor\Output_vtt\검사외전_en_FINAL.vtt'
2025-09-12 18:40:22,393 - INFO - 한국어 최종 파일: 'c:\Users\jpsm0\OneDrive\바탕 화면\지스트 데이터 전처리\VTT-Subtitle-Preprocessor\Output_vtt\검사외전_kr_FINAL.vtt'
2025-09-12 18:40:22,393 - INFO - 상세 처리 과정은 'vtt_processing.log' 파일을 확인하세요.
2025-09-12 18:40:22,395 - INFO - ==================================================
2025-09-12 18:44:27,458 - INFO - ==================================================
2025-09-12 18:44:27,459 - INFO - '7번방의선물' 파일 처리 시작
2025-09-12 18:44:27,460 - INFO - 'c:\Users\jpsm0\OneDrive\바탕 화면\지스트 데이터 전처리\VTT-Subtitle-Preprocessor\typos.csv'에서 61개의 오타 규칙을 불러왔습니다.
2025-09-12 18:44:27,608 - INFO - 파일 파싱 및 클리닝 완료: 영어 1667개, 한국어 1710개 CUE
2025-09-12 18:44:27,609 - INFO - 시간대 겹침 기준 자막 그룹화 및 동기화 시작...
2025-09-12 18:44:28,965 - INFO - 총 1037개의 동기화된 자막 그룹을 생성했습니다.
2025-09-12 18:44:28,965 - INFO - 최종 VTT 파일 생성 중...
2025-09-12 18:44:28,990 - INFO - ------------------------------
2025-09-12 18:44:28,991 - INFO - ✨ 처리 완료! ✨
2025-09-12 18:44:28,991 - INFO - 영어 최종 파일: 'c:\Users\jpsm0\OneDrive\바탕 화면\지스트 데이터 전처리\VTT-Subtitle-Preprocessor\Output_vtt\7번방의선물_en_FINAL.vtt'
2025-09-12 18:44:28,991 - INFO - 한국어 최종 파일: 'c:\Users\jpsm0\OneDrive\바탕 화면\지스트 데이터 전처리\VTT-Subtitle-Preprocessor\Output_vtt\7번방의선물_kr_FINAL.vtt'
2025-09-12 18:44:28,992 - INFO - 상세 처리 과정은 'vtt_processing.log' 파일을 확인하세요.
2025-09-12 18:44:28,992 - INFO - ==================================================
2025-09-12 18:52:12,688 - ERROR - 입력 파일을 찾을 수 없습니다.
2025-09-12 18:52:12,692 - ERROR -   - 영어 파일 예상 경로: 'c:\Users\jpsm0\OneDrive\바탕 화면\지스트 데이터 전처리\VTT-Subtitle-Preprocessor\Input_vtt\가시_en.vtt'
2025-09-12 18:52:12,693 - ERROR -   - 한국어 파일 예상 경로: 'c:\Users\jpsm0\OneDrive\바탕 화면\지스트 데이터 전처리\VTT-Subtitle-Preprocessor\Input_vtt\가시_kr.vtt'
2025-09-12 18:52:12,697 - ERROR - 'c:\Users\jpsm0\OneDrive\바탕 화면\지스트 데이터 전처리\VTT-Subtitle-Preprocessor\Input_vtt' 폴더에 파일이 있는지 확인해주세요.
2025-09-12 18:52:27,244 - INFO - ==================================================
2025-09-12 18:52:27,245 - INFO - '가시' 파일 처리 시작
2025-09-12 18:52:27,249 - INFO - 'c:\Users\jpsm0\OneDrive\바탕 화면\지스트 데이터 전처리\VTT-Subtitle-Preprocessor\typos.csv'에서 61개의 오타 규칙을 불러왔습니다.
2025-09-12 18:52:27,411 - INFO - 파일 파싱 및 클리닝 완료: 영어 986개, 한국어 982개 CUE
2025-09-12 18:52:27,413 - INFO - 새로운 동기화 및 병합 로직 시작...
2025-09-12 18:52:27,799 - INFO - 총 979개의 동기화된 자막 쌍을 생성했습니다.
2025-09-12 18:52:27,800 - INFO - 최종 VTT 파일 생성 중...
2025-09-12 18:52:27,854 - INFO - ------------------------------
2025-09-12 18:52:27,861 - INFO - ✨ 처리 완료! ✨
2025-09-12 18:52:27,869 - INFO - 영어 최종 파일: 'c:\Users\jpsm0\OneDrive\바탕 화면\지스트 데이터 전처리\VTT-Subtitle-Preprocessor\Output_vtt\가시_en_FINAL.vtt'
2025-09-12 18:52:27,871 - INFO - 한국어 최종 파일: 'c:\Users\jpsm0\OneDrive\바탕 화면\지스트 데이터 전처리\VTT-Subtitle-Preprocessor\Output_vtt\가시_kr_FINAL.vtt'
2025-09-12 18:52:27,872 - INFO - 상세 처리 과정은 'vtt_processing.log' 파일을 확인하세요.
2025-09-12 18:52:27,875 - INFO - ==================================================
